2025/09/23 03:41:38 [emerg] 1#1: cannot load certificate "/etc/nginx/certs/server.crt": BIO_new_file() failed (SSL: error:80000002:system library::No such file or directory:calling fopen(/etc/nginx/certs/server.crt, r) error:10000080:BIO routines::no such file)
2025/09/23 03:41:38 [emerg] 1#1: cannot load certificate "/etc/nginx/certs/server.crt": BIO_new_file() failed (SSL: error:80000002:system library::No such file or directory:calling fopen(/etc/nginx/certs/server.crt, r) error:10000080:BIO routines::no such file)
2025/09/23 03:41:38 [emerg] 1#1: cannot load certificate "/etc/nginx/certs/server.crt": BIO_new_file() failed (SSL: error:80000002:system library::No such file or directory:calling fopen(/etc/nginx/certs/server.crt, r) error:10000080:BIO routines::no such file)
2025/09/23 03:41:39 [emerg] 1#1: cannot load certificate "/etc/nginx/certs/server.crt": BIO_new_file() failed (SSL: error:80000002:system library::No such file or directory:calling fopen(/etc/nginx/certs/server.crt, r) error:10000080:BIO routines::no such file)
2025/09/23 03:41:40 [emerg] 1#1: cannot load certificate "/etc/nginx/certs/server.crt": BIO_new_file() failed (SSL: error:80000002:system library::No such file or directory:calling fopen(/etc/nginx/certs/server.crt, r) error:10000080:BIO routines::no such file)
2025/09/23 03:41:42 [emerg] 1#1: cannot load certificate "/etc/nginx/certs/server.crt": BIO_new_file() failed (SSL: error:80000002:system library::No such file or directory:calling fopen(/etc/nginx/certs/server.crt, r) error:10000080:BIO routines::no such file)
2025/09/23 03:41:45 [emerg] 1#1: cannot load certificate "/etc/nginx/certs/server.crt": BIO_new_file() failed (SSL: error:80000002:system library::No such file or directory:calling fopen(/etc/nginx/certs/server.crt, r) error:10000080:BIO routines::no such file)
2025/09/23 03:41:51 [emerg] 1#1: cannot load certificate "/etc/nginx/certs/server.crt": BIO_new_file() failed (SSL: error:80000002:system library::No such file or directory:calling fopen(/etc/nginx/certs/server.crt, r) error:10000080:BIO routines::no such file)
2025/09/23 03:42:04 [emerg] 1#1: cannot load certificate "/etc/nginx/certs/server.crt": BIO_new_file() failed (SSL: error:80000002:system library::No such file or directory:calling fopen(/etc/nginx/certs/server.crt, r) error:10000080:BIO routines::no such file)
2025/09/23 03:43:41 [emerg] 1#1: cannot load certificate "/etc/nginx/certs/public.cert": BIO_new_file() failed (SSL: error:80000002:system library::No such file or directory:calling fopen(/etc/nginx/certs/public.cert, r) error:10000080:BIO routines::no such file)
2025/09/23 03:43:41 [emerg] 1#1: cannot load certificate "/etc/nginx/certs/public.cert": BIO_new_file() failed (SSL: error:80000002:system library::No such file or directory:calling fopen(/etc/nginx/certs/public.cert, r) error:10000080:BIO routines::no such file)
2025/09/23 03:43:42 [emerg] 1#1: cannot load certificate "/etc/nginx/certs/public.cert": BIO_new_file() failed (SSL: error:80000002:system library::No such file or directory:calling fopen(/etc/nginx/certs/public.cert, r) error:10000080:BIO routines::no such file)
2025/09/23 03:43:42 [emerg] 1#1: cannot load certificate "/etc/nginx/certs/public.cert": BIO_new_file() failed (SSL: error:80000002:system library::No such file or directory:calling fopen(/etc/nginx/certs/public.cert, r) error:10000080:BIO routines::no such file)
2025/09/23 03:43:43 [emerg] 1#1: cannot load certificate "/etc/nginx/certs/public.cert": BIO_new_file() failed (SSL: error:80000002:system library::No such file or directory:calling fopen(/etc/nginx/certs/public.cert, r) error:10000080:BIO routines::no such file)
2025/09/23 03:43:45 [emerg] 1#1: cannot load certificate "/etc/nginx/certs/public.cert": BIO_new_file() failed (SSL: error:80000002:system library::No such file or directory:calling fopen(/etc/nginx/certs/public.cert, r) error:10000080:BIO routines::no such file)
2025/09/23 03:43:48 [emerg] 1#1: cannot load certificate "/etc/nginx/certs/public.cert": BIO_new_file() failed (SSL: error:80000002:system library::No such file or directory:calling fopen(/etc/nginx/certs/public.cert, r) error:10000080:BIO routines::no such file)
2025/09/23 03:43:55 [emerg] 1#1: cannot load certificate "/etc/nginx/certs/public.cert": BIO_new_file() failed (SSL: error:80000002:system library::No such file or directory:calling fopen(/etc/nginx/certs/public.cert, r) error:10000080:BIO routines::no such file)
2025/09/23 03:44:08 [emerg] 1#1: cannot load certificate "/etc/nginx/certs/public.cert": BIO_new_file() failed (SSL: error:80000002:system library::No such file or directory:calling fopen(/etc/nginx/certs/public.cert, r) error:10000080:BIO routines::no such file)
2025/09/23 03:44:34 [emerg] 1#1: cannot load certificate "/etc/nginx/certs/public.cert": BIO_new_file() failed (SSL: error:80000002:system library::No such file or directory:calling fopen(/etc/nginx/certs/public.cert, r) error:10000080:BIO routines::no such file)
2025/09/23 03:45:25 [emerg] 1#1: cannot load certificate "/etc/nginx/certs/public.cert": BIO_new_file() failed (SSL: error:80000002:system library::No such file or directory:calling fopen(/etc/nginx/certs/public.cert, r) error:10000080:BIO routines::no such file)
2025/09/23 03:46:25 [emerg] 1#1: cannot load certificate "/etc/nginx/certs/public.cert": BIO_new_file() failed (SSL: error:80000002:system library::No such file or directory:calling fopen(/etc/nginx/certs/public.cert, r) error:10000080:BIO routines::no such file)
2025/09/23 03:46:42 [emerg] 1#1: cannot load certificate "/etc/nginx/certs/server.cert": PEM_read_bio_X509_AUX() failed (SSL: error:0480006C:PEM routines::no start line:Expecting: TRUSTED CERTIFICATE)
2025/09/23 03:46:42 [emerg] 1#1: cannot load certificate "/etc/nginx/certs/server.cert": PEM_read_bio_X509_AUX() failed (SSL: error:0480006C:PEM routines::no start line:Expecting: TRUSTED CERTIFICATE)
2025/09/23 03:46:42 [emerg] 1#1: cannot load certificate "/etc/nginx/certs/server.cert": PEM_read_bio_X509_AUX() failed (SSL: error:0480006C:PEM routines::no start line:Expecting: TRUSTED CERTIFICATE)
2025/09/23 03:46:43 [emerg] 1#1: cannot load certificate "/etc/nginx/certs/server.cert": PEM_read_bio_X509_AUX() failed (SSL: error:0480006C:PEM routines::no start line:Expecting: TRUSTED CERTIFICATE)
2025/09/23 03:46:44 [emerg] 1#1: cannot load certificate "/etc/nginx/certs/server.cert": PEM_read_bio_X509_AUX() failed (SSL: error:0480006C:PEM routines::no start line:Expecting: TRUSTED CERTIFICATE)
2025/09/23 03:46:45 [emerg] 1#1: cannot load certificate "/etc/nginx/certs/server.cert": PEM_read_bio_X509_AUX() failed (SSL: error:0480006C:PEM routines::no start line:Expecting: TRUSTED CERTIFICATE)
2025/09/23 03:46:49 [emerg] 1#1: cannot load certificate "/etc/nginx/certs/server.cert": PEM_read_bio_X509_AUX() failed (SSL: error:0480006C:PEM routines::no start line:Expecting: TRUSTED CERTIFICATE)
2025/09/23 03:46:55 [emerg] 1#1: cannot load certificate "/etc/nginx/certs/server.cert": PEM_read_bio_X509_AUX() failed (SSL: error:0480006C:PEM routines::no start line:Expecting: TRUSTED CERTIFICATE)
2025/09/23 03:47:08 [emerg] 1#1: cannot load certificate "/etc/nginx/certs/server.cert": PEM_read_bio_X509_AUX() failed (SSL: error:0480006C:PEM routines::no start line:Expecting: TRUSTED CERTIFICATE)
2025/09/23 03:47:34 [emerg] 1#1: cannot load certificate "/etc/nginx/certs/server.cert": PEM_read_bio_X509_AUX() failed (SSL: error:0480006C:PEM routines::no start line:Expecting: TRUSTED CERTIFICATE)
2025/09/23 03:48:26 [emerg] 1#1: cannot load certificate "/etc/nginx/certs/server.cert": PEM_read_bio_X509_AUX() failed (SSL: error:0480006C:PEM routines::no start line:Expecting: TRUSTED CERTIFICATE)
2025/09/23 03:49:26 [emerg] 1#1: cannot load certificate "/etc/nginx/certs/server.cert": PEM_read_bio_X509_AUX() failed (SSL: error:0480006C:PEM routines::no start line:Expecting: TRUSTED CERTIFICATE)
2025/09/23 03:50:20 [emerg] 1#1: cannot load certificate "/etc/nginx/certs/server.cert": PEM_read_bio_X509_AUX() failed (SSL: error:0480006C:PEM routines::no start line:Expecting: TRUSTED CERTIFICATE)
2025/09/23 03:50:20 [emerg] 1#1: cannot load certificate "/etc/nginx/certs/server.cert": PEM_read_bio_X509_AUX() failed (SSL: error:0480006C:PEM routines::no start line:Expecting: TRUSTED CERTIFICATE)
2025/09/23 03:50:21 [emerg] 1#1: cannot load certificate "/etc/nginx/certs/server.cert": PEM_read_bio_X509_AUX() failed (SSL: error:0480006C:PEM routines::no start line:Expecting: TRUSTED CERTIFICATE)
2025/09/23 03:50:21 [emerg] 1#1: cannot load certificate "/etc/nginx/certs/server.cert": PEM_read_bio_X509_AUX() failed (SSL: error:0480006C:PEM routines::no start line:Expecting: TRUSTED CERTIFICATE)
2025/09/23 03:50:22 [emerg] 1#1: cannot load certificate "/etc/nginx/certs/server.cert": PEM_read_bio_X509_AUX() failed (SSL: error:0480006C:PEM routines::no start line:Expecting: TRUSTED CERTIFICATE)
2025/09/23 03:50:24 [emerg] 1#1: cannot load certificate "/etc/nginx/certs/server.cert": PEM_read_bio_X509_AUX() failed (SSL: error:0480006C:PEM routines::no start line:Expecting: TRUSTED CERTIFICATE)
2025/09/23 03:50:27 [emerg] 1#1: cannot load certificate "/etc/nginx/certs/server.cert": PEM_read_bio_X509_AUX() failed (SSL: error:0480006C:PEM routines::no start line:Expecting: TRUSTED CERTIFICATE)
2025/09/23 03:50:35 [emerg] 1#1: cannot load certificate "/etc/nginx/certs/server.cert": PEM_read_bio_X509_AUX() failed (SSL: error:0480006C:PEM routines::no start line:Expecting: TRUSTED CERTIFICATE)
2025/09/23 03:50:36 [emerg] 1#1: cannot load certificate "/etc/nginx/certs/server.cert": PEM_read_bio_X509_AUX() failed (SSL: error:0480006C:PEM routines::no start line:Expecting: TRUSTED CERTIFICATE)
2025/09/23 03:50:36 [emerg] 1#1: cannot load certificate "/etc/nginx/certs/server.cert": PEM_read_bio_X509_AUX() failed (SSL: error:0480006C:PEM routines::no start line:Expecting: TRUSTED CERTIFICATE)
2025/09/23 03:50:36 [emerg] 1#1: cannot load certificate "/etc/nginx/certs/server.cert": PEM_read_bio_X509_AUX() failed (SSL: error:0480006C:PEM routines::no start line:Expecting: TRUSTED CERTIFICATE)
2025/09/23 03:50:37 [emerg] 1#1: cannot load certificate "/etc/nginx/certs/server.cert": PEM_read_bio_X509_AUX() failed (SSL: error:0480006C:PEM routines::no start line:Expecting: TRUSTED CERTIFICATE)
2025/09/23 03:50:39 [emerg] 1#1: cannot load certificate "/etc/nginx/certs/server.cert": PEM_read_bio_X509_AUX() failed (SSL: error:0480006C:PEM routines::no start line:Expecting: TRUSTED CERTIFICATE)
2025/09/23 03:50:42 [emerg] 1#1: cannot load certificate "/etc/nginx/certs/server.cert": PEM_read_bio_X509_AUX() failed (SSL: error:0480006C:PEM routines::no start line:Expecting: TRUSTED CERTIFICATE)
2025/09/23 03:50:49 [emerg] 1#1: cannot load certificate "/etc/nginx/certs/server.cert": PEM_read_bio_X509_AUX() failed (SSL: error:0480006C:PEM routines::no start line:Expecting: TRUSTED CERTIFICATE)
2025/09/23 03:51:02 [emerg] 1#1: cannot load certificate "/etc/nginx/certs/server.cert": PEM_read_bio_X509_AUX() failed (SSL: error:0480006C:PEM routines::no start line:Expecting: TRUSTED CERTIFICATE)
2025/09/23 03:51:29 [emerg] 1#1: cannot load certificate "/etc/nginx/certs/server.cert": PEM_read_bio_X509_AUX() failed (SSL: error:0480006C:PEM routines::no start line:Expecting: TRUSTED CERTIFICATE)
2025/09/23 03:52:20 [emerg] 1#1: cannot load certificate "/etc/nginx/certs/server.cert": PEM_read_bio_X509_AUX() failed (SSL: error:0480006C:PEM routines::no start line:Expecting: TRUSTED CERTIFICATE)
2025/09/23 03:53:20 [emerg] 1#1: cannot load certificate "/etc/nginx/certs/server.cert": PEM_read_bio_X509_AUX() failed (SSL: error:0480006C:PEM routines::no start line:Expecting: TRUSTED CERTIFICATE)
2025/09/23 03:54:21 [emerg] 1#1: cannot load certificate "/etc/nginx/certs/server.crt": BIO_new_file() failed (SSL: error:80000002:system library::No such file or directory:calling fopen(/etc/nginx/certs/server.crt, r) error:10000080:BIO routines::no such file)
2025/09/23 03:54:30 [emerg] 1#1: cannot load certificate "/etc/nginx/certs/server.crt": PEM_read_bio_X509_AUX() failed (SSL: error:0480006C:PEM routines::no start line:Expecting: TRUSTED CERTIFICATE)
2025/09/23 03:54:30 [emerg] 1#1: cannot load certificate "/etc/nginx/certs/server.crt": PEM_read_bio_X509_AUX() failed (SSL: error:0480006C:PEM routines::no start line:Expecting: TRUSTED CERTIFICATE)
2025/09/23 03:54:30 [emerg] 1#1: cannot load certificate "/etc/nginx/certs/server.crt": PEM_read_bio_X509_AUX() failed (SSL: error:0480006C:PEM routines::no start line:Expecting: TRUSTED CERTIFICATE)
2025/09/23 03:54:31 [emerg] 1#1: cannot load certificate "/etc/nginx/certs/server.crt": PEM_read_bio_X509_AUX() failed (SSL: error:0480006C:PEM routines::no start line:Expecting: TRUSTED CERTIFICATE)
2025/09/23 03:54:32 [emerg] 1#1: cannot load certificate "/etc/nginx/certs/server.crt": PEM_read_bio_X509_AUX() failed (SSL: error:0480006C:PEM routines::no start line:Expecting: TRUSTED CERTIFICATE)
2025/09/23 03:54:56 [emerg] 1#1: cannot load certificate "/etc/nginx/certs/server.crt": PEM_read_bio_X509_AUX() failed (SSL: error:0480006C:PEM routines::no start line:Expecting: TRUSTED CERTIFICATE)
2025/09/23 03:54:56 [emerg] 1#1: cannot load certificate "/etc/nginx/certs/server.crt": PEM_read_bio_X509_AUX() failed (SSL: error:0480006C:PEM routines::no start line:Expecting: TRUSTED CERTIFICATE)
2025/09/23 03:54:57 [emerg] 1#1: cannot load certificate "/etc/nginx/certs/server.crt": PEM_read_bio_X509_AUX() failed (SSL: error:0480006C:PEM routines::no start line:Expecting: TRUSTED CERTIFICATE)
2025/09/23 03:54:57 [emerg] 1#1: cannot load certificate "/etc/nginx/certs/server.crt": PEM_read_bio_X509_AUX() failed (SSL: error:0480006C:PEM routines::no start line:Expecting: TRUSTED CERTIFICATE)
2025/09/23 03:54:58 [emerg] 1#1: cannot load certificate "/etc/nginx/certs/server.crt": PEM_read_bio_X509_AUX() failed (SSL: error:0480006C:PEM routines::no start line:Expecting: TRUSTED CERTIFICATE)
2025/09/23 03:55:00 [emerg] 1#1: cannot load certificate "/etc/nginx/certs/server.crt": PEM_read_bio_X509_AUX() failed (SSL: error:0480006C:PEM routines::no start line:Expecting: TRUSTED CERTIFICATE)
2025/09/23 03:55:03 [emerg] 1#1: cannot load certificate "/etc/nginx/certs/server.crt": PEM_read_bio_X509_AUX() failed (SSL: error:0480006C:PEM routines::no start line:Expecting: TRUSTED CERTIFICATE)
2025/09/23 03:55:10 [emerg] 1#1: cannot load certificate "/etc/nginx/certs/server.crt": PEM_read_bio_X509_AUX() failed (SSL: error:0480006C:PEM routines::no start line:Expecting: TRUSTED CERTIFICATE)
2025/09/23 03:55:23 [emerg] 1#1: cannot load certificate "/etc/nginx/certs/server.crt": PEM_read_bio_X509_AUX() failed (SSL: error:0480006C:PEM routines::no start line:Expecting: TRUSTED CERTIFICATE)
2025/09/23 03:55:49 [emerg] 1#1: cannot load certificate "/etc/nginx/certs/server.crt": PEM_read_bio_X509_AUX() failed (SSL: error:0480006C:PEM routines::no start line:Expecting: TRUSTED CERTIFICATE)
2025/09/23 14:45:02 [error] 29#29: *1 connect() failed (113: No route to host) while connecting to upstream, client: 192.168.65.1, server: _, request: "GET / HTTP/1.1", upstream: "http://172.18.0.6:8000/", host: "localhost:8443"
2025/09/23 14:45:05 [error] 29#29: *1 connect() failed (113: No route to host) while connecting to upstream, client: 192.168.65.1, server: _, request: "GET / HTTP/1.1", upstream: "http://172.18.0.5:8000/", host: "localhost:8443"
2025/09/23 14:45:08 [error] 29#29: *1 connect() failed (113: No route to host) while connecting to upstream, client: 192.168.65.1, server: _, request: "GET / HTTP/1.1", upstream: "http://172.18.0.4:8000/", host: "localhost:8443"
